String number: 1 
('77')My uncle was an honest man, 
String size = 28 

String number: 2 
('87')When he got sick in a funny way, 
String size = 33 

String number: 3 
('72')He made himself respected 
String size = 26 

String number: 4 
('72')He could do no better. 
String size = 23 

String number: 5 
('72')His example is a lesson to others; 
String size = 35 

String number: 6 
('66')But, my God, what a bore 
String size = 25 

String number: 7 
('84')To sit with a sick man day and night, 
String size = 38 

String number: 8 
('119')without taking a step away! 
String size = 28 

String number: 9 
('87')What low treachery 
String size = 19 

String number: 10 
('84')To amuse a half-dead man, 
String size = 26 

String number: 11 
('84')To adjust his pillows, 
String size = 23 

String number: 12 
('84')To bring him his medicine sadly, 
String size = 33 

String number: 13 
('83')Sighing and thinking to yourself: 
String size = 34 

String number: 14 
('-30')“When will the devil take you?” 
String size = 36 

String number: 15 
('84')That's what the young hustler thought, 
String size = 39 

String number: 16 
('-30')“Flying in the dust on the mail, 
String size = 35 

String number: 17 
('66')By the will of Zeus. 
String size = 21 

String number: 18 
('72')Heir to all his family. 
String size = 24 

String number: 19 
('70')Friends of Ludmila and Ruslan! 
String size = 31 

String number: 20 
('84')To the hero of my novel 
String size = 24 

String number: 21 
('87')Without preface, this very hour 
String size = 32 

String number: 22 
('76')Let me introduce you: 
String size = 22 

String number: 23 
('79')Onegin, my good friend, 
String size = 24 

String number: 24 
('87')Was born on the banks of the Neva, 
String size = 35 

String number: 25 
('87')Where perhaps you were born 
String size = 28 

String number: 26 
('79')Or shone, my reader; 
String size = 21 

String number: 27 
('73')I once walked there too: 
String size = 25 

String number: 28 
('66')But the north is bad for me. 
String size = 29 

String number: 29 
('65')And he hurries to live and feels in a hurry. 
String size = 45 

String number: 30 
('80')Prince Vyazemsky. 
String size = 18 

String number: 31 
('72')Having served honorably and nobly, 
String size = 35 

String number: 32 
('72')His father lived by debts, 
String size = 27 

String number: 33 
('72')He gave three balls every year 
String size = 31 

String number: 34 
('65')And wasted away at last. 
String size = 25 

String number: 35 
('70')Fate kept Eugene safe: 
String size = 23 

String number: 36 
('70')First Madame followed him, 
String size = 27 

String number: 37 
('84')Then Monsieur took her place. 
String size = 30 

String number: 38 
('84')The child was sharp but sweet. 
String size = 31 

String number: 39 
('77')Monsieur l'Abbé, a poor Frenchman, 
String size = 36 

String number: 40 
('83')So that the child should not be tormented, 
String size = 43 

String number: 41 
('72')He taught him everything in jest, 
String size = 34 

String number: 42 
('72')He did not bore him with strict morals, 
String size = 40 

String number: 43 
('72')He scolded him a little for mischief 
String size = 37 

String number: 44 
('65')And took him for walks in the Summer Garden. 
String size = 45 

String number: 45 
('87')When the rebellious youth 
String size = 26 

String number: 46 
('69')Eugene's time came, 
String size = 20 

String number: 47 
('65')A time of hope and tender sadness, 
String size = 35 

String number: 48 
('77')Monsieur was banished from the court. 
String size = 38 

String number: 49 
('72')Here's my Onegin at liberty; 
String size = 29 

String number: 50 
('67')Cut in the latest fashion; 
String size = 27 

String number: 51 
('68')Dressed like a London dandy. 
String size = 29 

String number: 52 
('65')And at last he sees the light. 
String size = 31 

String number: 53 
('72')He could speak French perfectly 
String size = 32 

String number: 54 
('72')He could speak and write; 
String size = 26 

String number: 55 
('72')He danced the mazurka with ease 
String size = 32 

String number: 56 
('65')And bowed with ease; 
String size = 21 

String number: 57 
('87')What more do you want? The world has decided 
String size = 45 

String number: 58 
('84')That he was clever and very sweet. 
String size = 35 

String number: 59 
('87')We all learned a little 
String size = 24 

String number: 60 
('87')We've all learned a little something and a little something, 
String size = 61 

String number: 61 
('65')And so, thank God, 
String size = 19 

String number: 62 
('73')It's not hard for us to shine. 
String size = 31 

String number: 63 
('79')Onegin was, in the opinion of many. 
String size = 36 

String number: 64 
('40')(Judges, resolute and strict) 
String size = 30 

String number: 65 
('65')A scholarly little fellow, but a pedant: 
String size = 41 

String number: 66 
('72')He had a happy talent 
String size = 22 

String number: 67 
('87')Without compulsion in conversation 
String size = 35 

String number: 68 
('84')To touch everything lightly, 
String size = 29 

String number: 69 
('87')With a scholarly air of a connoisseur 
String size = 38 

String number: 70 
('84')To keep silence in an important dispute. 
String size = 41 

String number: 71 
('65')And excite the smiles of the ladies 
String size = 36 

String number: 72 
('119')with the fire of unexpected epigrams. 
String size = 38 

String number: 73 
('76')Latin is out of fashion now: 
String size = 29 

String number: 74 
('83')So, to tell you the truth, 
String size = 27 

String number: 75 
('72')He knew Latin enough, 
String size = 22 

String number: 76 
('116')to parse the epigraphs, 
String size = 24 

String number: 77 
('84')To talk of Juvenal, 
String size = 20 

String number: 78 
('97')and put a vale at the end of the letter, 
String size = 41 

String number: 79 
('72')He remembered, though not without sin, 
String size = 39 

String number: 80 
('116')two verses from the Aeneid. 
String size = 28 

String number: 81 
('72')He had no desire to dig through the chronological dust 
String size = 55 

String number: 82 
('105')in the chronological dust 
String size = 26 

String number: 83 
('105')in the chronological dust of the earth's history; 
String size = 50 

String number: 84 
('66')But the anecdotes of bygone days 
String size = 33 

String number: 85 
('70')From Romulus to the present day 
String size = 32 

String number: 86 
('72')He kept them in his memory. 
String size = 28 

String number: 87 
('72')He had no higher passion 
String size = 25 

String number: 88 
('70')For the sounds of life he could not spare, 
String size = 43 

String number: 89 
('72')He could not distinguish iambic from choric, 
String size = 45 

String number: 90 
('78')No matter how hard we tried, he could not tell the difference. 
String size = 63 

String number: 91 
('72')He scorned Homer, Theocritus; 
String size = 30 

String number: 92 
('66')But read Adam Smith, 
String size = 21 

String number: 93 
('72')He was a profound economist, 
String size = 29 

String number: 94 
('84')That is, he could judge how a state 
String size = 36 

String number: 95 
('72')How the state grows rich, 
String size = 26 

String number: 96 
('65')And what it lives on, and why 
String size = 30 

String number: 97 
('73')It doesn't need gold 
String size = 21 

String number: 98 
('87')When it has a simple product. 
String size = 30 

String number: 99 
('72')His father could not understand him 
String size = 36 

String number: 100 
('65')And he pledged his lands. 
String size = 26 

String number: 101 
('65')All that Eugene yet knew, 
String size = 26 

String number: 102 
('73')I can't tell you; 
String size = 18 

String number: 103 
('66')But in what he was a true genius, 
String size = 34 

String number: 104 
('87')What he knew better than all the sciences, 
String size = 43 

String number: 105 
('87')What was for him of all his days 
String size = 33 

String number: 106 
('97')and labor and agony and joy, 
String size = 29 

String number: 107 
('87')What occupied all the day long 
String size = 31 

String number: 108 
('72')His lazy laziness and his longing laziness 
String size = 43 

String number: 109 
('119')was the science of tender passion, 
String size = 35 

String number: 110 
('119')which Nazon had sung, 
String size = 22 

String number: 111 
('70')For which he ended his brilliant and rebellious age 
String size = 52 

String number: 112 
('72')His brilliant and rebellious age 
String size = 33 

String number: 113 
('73')In Moldavia, in the wilderness of the steppes, 
String size = 47 

String number: 114 
('70')Far from his Italy. 
String size = 20 

String number: 115 
('72')How early he was able to hypocritize, 
String size = 38 

String number: 116 
('84')To conceal hope, to be jealous, 
String size = 32 

String number: 117 
('-30')“To disbelieve, to make you believe, 
String size = 39 

String number: 118 
('84')To seem gloomy, to seem despondent, 
String size = 36 

String number: 119 
('84')To be proud and obedient, 
String size = 26 

String number: 120 
('65')Attentive or indifferent! 
String size = 26 

String number: 121 
('72')How languidly silent he was, 
String size = 29 

String number: 122 
('72')How fervently eloquent, 
String size = 24 

String number: 123 
('72')How careless in his letters of the heart! 
String size = 42 

String number: 124 
('66')Breathing one thing, loving one thing, 
String size = 39 

String number: 125 
('72')How he could forget himself! 
String size = 29 

String number: 126 
('72')How quick and tender was his eye, 
String size = 34 

String number: 127 
('72')He was shy and bold, and at other times 
String size = 40 

String number: 128 
('72')How his eyes shone with obedient tears! 
String size = 40 

String number: 129 
('72')How he knew how to seem new, 
String size = 29 

String number: 130 
('72')How he could amaze innocence with jest, 
String size = 40 

String number: 131 
('84')To frighten with despair, 
String size = 26 

String number: 132 
('84')To amuse with pleasant flattery, 
String size = 33 

String number: 133 
('84')To catch a moment's delight, 
String size = 29 

String number: 134 
('79')Of innocent years of prejudice 
String size = 31 

String number: 135 
('84')To conquer with wit and passion, 
String size = 33 

String number: 136 
('84')To expect involuntary caresses, 
String size = 32 

String number: 137 
('84')To plead and demand confession, 
String size = 32 

String number: 138 
('84')To hear the first sound of the heart, 
String size = 38 

String number: 139 
('80')Pursue love, and then suddenly 
String size = 31 

String number: 140 
('84')To get a secret rendezvous. 
String size = 28 

String number: 141 
('65')And afterward, in private 
String size = 26 

String number: 142 
('84')To give her lessons in silence! 
String size = 32 

String number: 143 
('72')How early could he disturb 
String size = 27 

String number: 144 
('84')The hearts of the ladies of record! 
String size = 36 

String number: 145 
('87')When he wanted to destroy 
String size = 26 

String number: 146 
('87')When he wanted to destroy his rivals, 
String size = 38 

String number: 147 
('72')How he sarcastically maligned them! 
String size = 36 

String number: 148 
('87')What nets he prepared for them! 
String size = 32 

String number: 149 
('66')But ye blessed husbands, 
String size = 25 

String number: 150 
('89')You were his friends: 
String size = 22 

String number: 151 
('72')He was caressed by his wicked spouse, 
String size = 38 

String number: 152 
('119')who was a disciple of Phoblos, 
String size = 31 

String number: 153 
('97')and the distrustful old man, 
String size = 29 

String number: 154 
('65')And the cuckold's majestic cuckold, 
String size = 36 

String number: 155 
('65')Always satisfied with himself, 
String size = 31 

String number: 156 
('119')with his dinner and his wife. 
String size = 30 

String number: 157 
('72')He'd be still in bed: 
String size = 22 

String number: 158 
('65')And notes are brought to him. 
String size = 30 

String number: 159 
('87')What? Invitations? Indeed, 
String size = 27 

String number: 160 
('84')Three houses are calling for a party: 
String size = 38 

String number: 161 
('84')There'll be a ball, there'll be a children's party. 
String size = 52 

String number: 162 
('87')Where will my mischief-maker go? 
String size = 33 

String number: 163 
('87')Who will he start with? I don't care: 
String size = 38 

String number: 164 
('73')It's not hard to keep up. 
String size = 26 

String number: 165 
('70')For now in his morning dress, 
String size = 30 

String number: 166 
('87')Wearing a broad bolivar, 
String size = 25 

String number: 167 
('79')Onegin goes to the boulevard 
String size = 29 

String number: 168 
('65')And there he walks in the open air, 
String size = 36 

String number: 169 
('84')Till a watchful burgher 
String size = 24 

String number: 170 
('114')rings his dinner bell. 
String size = 23 

String number: 171 
('73')It's dark: he sits down in his sledge. 
String size = 39 

String number: 172 
('-30')“Fall down, fall down!” - he shouts; 
String size = 41 

String number: 173 
('84')The frosty dust is silvery 
String size = 27 

String number: 174 
('72')His beaver collar. 
String size = 19 

String number: 175 
('72')He rushes to Talon: he's sure, 
String size = 31 

String number: 176 
('72')He was sure that Kaverin was waiting for him there. 
String size = 52 

String number: 177 
('72')He went in, and the cork hit the ceiling, 
String size = 42 

String number: 178 
('65')A comet's current of wine spurted out, 
String size = 39 

String number: 179 
('84')The roast-beef was bloody before him, 
String size = 38 

String number: 180 
('65')And truffles, the luxury of his youth, 
String size = 39 

String number: 181 
('70')French cuisine's finest color, 
String size = 31 

String number: 182 
('65')And Strasbourg's imperishable pie 
String size = 34 

String number: 183 
('66')Between the cheese of Limburg 
String size = 30 

String number: 184 
('65')And a golden pineapple. 
String size = 24 

String number: 185 
('77')More glasses, thirsty begging 
String size = 30 

String number: 186 
('84')To douse the hot fat of the cutlets, 
String size = 37 

String number: 187 
('66')But the clang of the breguet tells them 
String size = 40 

String number: 188 
('84')That a new ballet has begun. 
String size = 29 

String number: 189 
('84')The theater's evil legislator, 
String size = 31 

String number: 190 
('65')A fickle admirer 
String size = 17 

String number: 191 
('79')Of charming actresses, 
String size = 23 

String number: 192 
('65')An honorable citizen of the backstage, 
String size = 39 

String number: 193 
('79')Onegin flew to the theater, 
String size = 28 

String number: 194 
('87')Where everyone, breathing freely, 
String size = 34 

String number: 195 
('82')Ready to clap the entrechat, 
String size = 29 

String number: 196 
('84')To smear Phaedra, Cleopatra, 
String size = 29 

String number: 197 
('84')To summon Moina, 
String size = 17 

String number: 198 
('84')To be heard. 
String size = 13 

String number: 199 
('65')A magical land! There in the old days, 
String size = 39 

String number: 200 
('83')Satire's bold lord, 
String size = 20 

String number: 201 
('70')Fonvizin, the friend of liberty, 
String size = 33 

String number: 202 
('65')And Knyazhnin, the friend of liberty; 
String size = 38 

String number: 203 
('84')There Ozerov's tribute was unwillingly paid 
String size = 44 

String number: 204 
('111')of people's tears and applause 
String size = 31 

String number: 205 
('72')He shared with the young Semyonova; 
String size = 36 

String number: 206 
('84')There our Katenin resurrected 
String size = 30 

String number: 207 
('67')Corneille's majestic genius; 
String size = 29 

String number: 208 
('84')There the prickly Shakhovskoy brought out 
String size = 42 

String number: 209 
('104')his comedies a noisy swarm, 
String size = 28 

String number: 210 
('84')There Diderot was crowned with glory, 
String size = 38 

String number: 211 
('84')There, there, under the shadow of the backstage 
String size = 48 

String number: 212 
('77')My youthful days were spent there. 
String size = 35 

String number: 213 
('77')My goddesses! What are you? Where are you? 
String size = 43 

String number: 214 
('72')Hear my sorrowful voice: 
String size = 25 

String number: 215 
('65')Are you still the same maidens? Are you not the same maidens? 
String size = 62 

String number: 216 
('104')have not replaced you? 
String size = 23 

String number: 217 
('87')Will I hear your choruses again? 
String size = 33 

String number: 218 
('87')Will I see the Russian Terpsichore 
String size = 35 

String number: 219 
('87')With soul-filled flight? 
String size = 25 

String number: 220 
('79')Or shall my gloomy eye find no familiar faces 
String size = 46 

String number: 221 
('102')familiar faces on the dull stage, 
String size = 34 

String number: 222 
('65')And, looking at the alien light. 
String size = 33 

String number: 223 
('65')And the disappointed lorgnette, 
String size = 32 

String number: 224 
('84')The spectator of mirth is indifferent, 
String size = 39 

String number: 225 
('73')I'll yawn silently 
String size = 19 

String number: 226 
('65')And reminisce of the past? 
String size = 27 

String number: 227 
('84')The theater is full; the boxes are shining; 
String size = 44 

String number: 228 
('84')The parterre and the seats are all abuzz; 
String size = 42 

String number: 229 
('65')And the rak'ryck is splashing impatiently, 
String size = 43 

String number: 230 
('65')And the curtain rises, and makes a noise. 
String size = 42 

String number: 231 
('71')Glittering, half-air, 
String size = 22 

String number: 232 
('97')and the magic bow is obedient, 
String size = 31 

String number: 233 
('115')surrounded by a crowd of nymphs, 
String size = 33 

String number: 234 
('83')Standing there is Istomina, 
String size = 28 

String number: 235 
('87')With one foot touching the floor, 
String size = 34 

String number: 236 
('87')With the other she slowly circles, 
String size = 35 

String number: 237 
('65')And suddenly she leaps, and suddenly she flies, 
String size = 48 

String number: 238 
('83')She flies like fluff from the lips of Aeolus; 
String size = 46 

String number: 239 
('65')And then she'll take her stance, and then she'll take her stride, and then she'll take her stride, 
String size = 99 

String number: 240 
('65')And with a quick foot she beats her foot. 
String size = 42 

String number: 241 
('65')All clapping. Onegin enters, 
String size = 29 

String number: 242 
('72')He walks between the chairs on his feet, 
String size = 41 

String number: 243 
('72')He points his double lorgnette obliquely. 
String size = 42 

String number: 244 
('79')On the boxes of the ladies he doesn't know; 
String size = 44 

String number: 245 
('72')He looked over all the tiers, 
String size = 30 

String number: 246 
('72')He saw everything: faces, attire 
String size = 33 

String number: 247 
('72')He's terribly displeased; 
String size = 26 

String number: 248 
('72')He bowed to the men on every side 
String size = 34 

String number: 249 
('72')He bowed, and then to the stage. 
String size = 33 

String number: 250 
('72')He looked at the stage in great distraction 
String size = 44 

String number: 251 
('72')He turned away and yawned, 
String size = 27 

String number: 252 
('65')And said: “It's time for a change; 
String size = 37 

String number: 253 
('-30')“I have long endured ballets, 
String size = 32 

String number: 254 
('-30')“But I've had enough of Didlo. 
String size = 33 

String number: 255 
('-30')“There are still cupids, devils, snakes. 
String size = 43 

String number: 256 
('79')On the stage, they gallop and clamor; 
String size = 38 

String number: 257 
('-30')“Tired footmen 
String size = 17 

String number: 258 
('83')Sleep on their coats at the door; 
String size = 34 

String number: 259 
('84')They're still stomping 
String size = 23 

String number: 260 
('66')Blowing their noses, coughing, coughing, shushing, clapping; 
String size = 61 

String number: 261 
('79')Outside and inside 
String size = 19 

String number: 262 
('84')The lanterns are shining everywhere; 
String size = 37 

String number: 263 
('84')The horses are still chillin' and beating, 
String size = 43 

String number: 264 
('97')and their harnesses bore them, 
String size = 31 

String number: 265 
('65')And the coachmen, around the lights, 
String size = 37 

String number: 266 
('84')They scold their masters and beat their hands: 
String size = 47 

String number: 267 
('65')And Onegin went out; 
String size = 21 

String number: 268 
('72')He's going home to dress. 
String size = 26 

String number: 269 
('83')Shall I depict in a faithful picture 
String size = 37 

String number: 270 
('65')A secluded study, 
String size = 18 

String number: 271 
('119')where the fashionable pupil 
String size = 28 

String number: 272 
('68')Dressed, undressed, and dressed again? 
String size = 39 

String number: 273 
('65')All the things that for whimsy's abundance 
String size = 43 

String number: 274 
('116')that London trades in the lavish trade. 
String size = 40 

String number: 275 
('65')And on the Baltic waves 
String size = 24 

String number: 276 
('70')For lumber and lard to us, 
String size = 27 

String number: 277 
('65')All that Paris tastes hungry for, 
String size = 34 

String number: 278 
('65')A useful trade in the world, 
String size = 29 

String number: 279 
('105')invented for amusement, 
String size = 24 

String number: 280 
('70')For luxury, for luxury, for fashionable relaxation. 
String size = 52 

String number: 281 
('65')All adorned the office 
String size = 23 

String number: 282 
('84')The philosopher's office at eighteen. 
String size = 38 

String number: 283 
('65')Amber on the pipes of Tzaregrad, 
String size = 33 

String number: 284 
('80')Porcelain and bronze on the table, 
String size = 35 

String number: 285 
('65')And the pampering of the senses, 
String size = 33 

String number: 286 
('80')Perfume in cut crystal; 
String size = 24 

String number: 287 
('67')Combs, files of steel, 
String size = 23 

String number: 288 
('83')Straight scissors, crooked scissors, 
String size = 37 

String number: 289 
('65')And brushes of thirty kinds 
String size = 28 

String number: 290 
('70')For nails and teeth. 
String size = 21 

String number: 291 
('82')Rousseau (in passing) 
String size = 22 

String number: 292 
('67')Couldn't understand how the important Grim 
String size = 43 

String number: 293 
('68')Dared to brush his nails before him, 
String size = 37 

String number: 294 
('84')The eloquent madman. 
String size = 21 

String number: 295 
('84')The defender of liberty and right 
String size = 34 

String number: 296 
('73')In this case is not right at all. 
String size = 34 

String number: 297 
('73')It's possible to be a man of sense 
String size = 35 

String number: 298 
('97')and think of the beauty of your nails: 
String size = 39 

String number: 299 
('87')Why argue fruitlessly with the age? 
String size = 36 

String number: 300 
('67')Custom is a despot among men. 
String size = 30 

String number: 301 
('84')The second Chadaev, my Eugene, 
String size = 31 

String number: 302 
('65')Afraid of jealous judgment, 
String size = 28 

String number: 303 
('72')He was a pedant in his clothes 
String size = 31 

String number: 304 
('65')And what we called a dandy. 
String size = 28 

String number: 305 
('72')He spent three hours at least 
String size = 30 

String number: 306 
('105')in front of the mirrors 
String size = 24 

String number: 307 
('65')And came out of the restroom 
String size = 29 

String number: 308 
('76')Like a breezy Venus, 
String size = 21 

String number: 309 
('87')When, wearing a man's attire, 
String size = 30 

String number: 310 
('84')The goddess goes to the masquerade. 
String size = 36 

String number: 311 
('73')In the last taste of toilette 
String size = 30 

String number: 312 
('84')To occupy your curious gaze, 
String size = 29 

String number: 313 
('73')I could before the learned light 
String size = 33 

String number: 314 
('72')Here to describe his attire; 
String size = 29 

String number: 315 
('73')It would be brave, indeed, 
String size = 27 

String number: 316 
('84')To describe my own business: 
String size = 29 

String number: 317 
('66')But pantaloons, tailcoat, vest, 
String size = 32 

String number: 318 
('65')All these words are not in Russian; 
String size = 36 

String number: 319 
('65')And I see I blame myself before you, 
String size = 37 

String number: 320 
('84')That my poor syllable, as it is. 
String size = 33 

String number: 321 
('99')could be much less crowded 
String size = 27 

String number: 322 
('119')with foreign words, 
String size = 20 

String number: 323 
('116')though I had looked in the old days 
String size = 36 

String number: 324 
('105')in the Academic Dictionary. 
String size = 28 

String number: 325 
('73')It's not the same with us now: 
String size = 31 

String number: 326 
('87')We'd better hurry to the ball, 
String size = 31 

String number: 327 
('87')Where my Onegin has gone in a coach. 
String size = 37 

String number: 328 
('87')Where my Onegin has already ridden. 
String size = 36 

String number: 329 
('73')In front of the faded houses 
String size = 29 

String number: 330 
('65')Along the sleepy street in rows 
String size = 32 

String number: 331 
('84')The double lanterns of the carriage 
String size = 36 

String number: 332 
('80')Pour out a cheerful light 
String size = 26 

String number: 333 
('65')And rainbows on the snow: 
String size = 26 

String number: 334 
('68')Dotted with carrots all round, 
String size = 31 

String number: 335 
('84')The splendid house gleams; 
String size = 27 

String number: 336 
('83')Shadows walk through the solid windows, 
String size = 40 

String number: 337 
('84')The profiles of heads glimmering 
String size = 33 

String number: 338 
('79')Of ladies and fashionable geezers. 
String size = 35 

String number: 339 
('72')Here comes our hero to the hall; 
String size = 33 

String number: 340 
('72')He passed the doorman with an arrow 
String size = 36 

String number: 341 
('72')He flew up the marble steps, 
String size = 29 

String number: 342 
('65')And spread his hair with his hand, 
String size = 35 

String number: 343 
('72')He entered. The hall is full of people; 
String size = 40 

String number: 344 
('84')The music was tired; 
String size = 21 

String number: 345 
('84')The crowd is busy with the mazurka; 
String size = 36 

String number: 346 
('84')There's noise and crowding all around; 
String size = 39 

String number: 347 
('84')The cavalier's spurs are clattering; 
String size = 37 

String number: 348 
('84')The feet of the ladies are flying; 
String size = 35 

String number: 349 
('73')In their captivating footsteps 
String size = 31 

String number: 350 
('84')The fiery gazes of the ladies are flying, 
String size = 42 

String number: 351 
('65')And the roar of the horns is drowned out 
String size = 41 

String number: 352 
('84')The jealous whispers of fashionable wives. 
String size = 43 

String number: 353 
('73')In the days of mirth and desire 
String size = 32 

String number: 354 
('73')I was crazy about balls: 
String size = 25 

String number: 355 
('84')There's no better place for confessions 
String size = 40 

String number: 356 
('79')Or to give a letter. 
String size = 21 

String number: 357 
('79')O ye honorable spouses! 
String size = 24 

String number: 358 
('73')I offer you my services; 
String size = 25 

String number: 359 
('73')I ask you to notice my speech: 
String size = 31 

String number: 360 
('73')I have a word of warning for you. 
String size = 34 

String number: 361 
('89')You also, mothers, be strict 
String size = 29 

String number: 362 
('70')Follow your daughters: 
String size = 23 

String number: 363 
('75')Keep your lorgnette straight! 
String size = 30 

String number: 364 
('79')Or else. or else, God forbid! 
String size = 30 

String number: 365 
('84')That's why I'm writing this, 
String size = 29 

String number: 366 
('66')Because I have not sinned for a long time. 
String size = 43 

String number: 367 
('65')Alas, I've wasted a lot of my life 
String size = 35 

String number: 368 
('73')I've wasted many a life! 
String size = 25 

String number: 369 
('66')But if my morals had not suffered, 
String size = 35 

String number: 370 
('73')I'd still love a ball. 
String size = 23 

String number: 371 
('73')I love the frenzy of youth, 
String size = 28 

String number: 372 
('73')I love the crowdedness, the splendor, and the joy, 
String size = 51 

String number: 373 
('65')And the ladies' thoughtful attire; 
String size = 35 

String number: 374 
('73')I love their feet, but I don't think 
String size = 37 

String number: 375 
('89')You'll not find in Russia 
String size = 26 

String number: 376 
('84')Three pairs of slender women's legs. 
String size = 37 

String number: 377 
('65')Ah! For a long time I couldn't forget 
String size = 38 

String number: 378 
('84')Two legs... Sad, chilled, 
String size = 26 

String number: 379 
('73')I remember them all, and in my dreams 
String size = 38 

String number: 380 
('84')They stir my heart. 
String size = 20 

String number: 381 
('87')When, and where, in what desert, 
String size = 33 

String number: 382 
('109')madman, will you forget them? 
String size = 30 

String number: 383 
('65')Ah, feet, feet! Where are you now? 
String size = 35 

String number: 384 
('87')Where are the flowers of spring? 
String size = 33 

String number: 385 
('67')Cultivated in the eastern gentleness, 
String size = 38 

String number: 386 
('79')On the snow of the north 
String size = 25 

String number: 387 
('89')You left no footprints: 
String size = 24 

String number: 388 
('89')You loved the soft carpets 
String size = 27 

String number: 389 
('84')The luxurious touch of the soft carpets. 
String size = 41 

String number: 390 
('72')How long have I forgotten for you 
String size = 34 

String number: 391 
('65')And longed for glory and praise, 
String size = 33 

String number: 392 
('97')and the land of my fathers and my imprisonment? 
String size = 48 

String number: 393 
('84')The happiness of my youth is gone. 
String size = 35 

String number: 394 
('76')Like your light footprints in the meadows. 
String size = 43 

String number: 395 
('68')Diana's bosom, Flora's laniths. 
String size = 32 

String number: 396 
('76')Lovely, sweet friends! 
String size = 23 

String number: 397 
('66')But Terpsichore's foot 
String size = 23 

String number: 398 
('105')is more lovely to me. 
String size = 22 

String number: 399 
('83')She, prophesying to my eye 
String size = 27 

String number: 400 
('65')A reward inestimable, 
String size = 22 

String number: 401 
('73')It attracts by its conventional beauty 
String size = 39 

String number: 402 
('84')The desires of the willful swarm. 
String size = 34 

String number: 403 
('73')I love her, my friend Elvina, 
String size = 30 

String number: 404 
('66')Beneath the long tablecloth, 
String size = 29 

String number: 405 
('73')In spring on the grass of the meadows, 
String size = 39 

String number: 406 
('73')In winter on the cast iron of the fireplace, 
String size = 45 

String number: 407 
('79')On the mirrored parquet of the hall, 
String size = 37 

String number: 408 
('66')By the sea on the granite of the cliffs. 
String size = 41 

String number: 409 
('73')I remember the sea before the storm: 
String size = 37 

String number: 410 
('72')How I envied the waves 
String size = 23 

String number: 411 
('-30')“of the stormy waves 
String size = 23 

String number: 412 
('84')To lie lovingly at her feet! 
String size = 29 

String number: 413 
('72')How I longed with the waves 
String size = 28 

String number: 414 
('84')To touch her feet with my lips! 
String size = 32 

String number: 415 
('78')No, never in the fervent days 
String size = 30 

String number: 416 
('79')Of my boiling youth 
String size = 20 

String number: 417 
('104')have I ever wished with such anguish 
String size = 37 

String number: 418 
('116')to lick the lips of young Armida, 
String size = 34 

String number: 419 
('111')or the roses of flaming palms, 
String size = 31 

String number: 420 
('111')or the peaches full of languor; 
String size = 32 

String number: 421 
('78')No, never did a passion of passion 
String size = 35 

String number: 422 
('104')has ever so tormented my soul! 
String size = 31 

String number: 423 
('73')I remember another time! 
String size = 25 

String number: 424 
('73')In dreams sometimes cherished 
String size = 30 

String number: 425 
('73')I hold a happy footstep. 
String size = 25 

String number: 426 
('65')And feel the foot in my hand; 
String size = 30 

String number: 427 
('65')And my imagination is again aflame, 
String size = 36 

String number: 428 
('72')Her touch again 
String size = 16 

String number: 429 
('97')and her touch makes my faded heart blaze, 
String size = 42 

String number: 430 
('73')I long again, I love again. 
String size = 28 

String number: 431 
('66')But let us glorify the haughty 
String size = 31 

String number: 432 
('119')with their talkative lyre; 
String size = 27 

String number: 433 
('84')They are not worthy of passion, 
String size = 32 

String number: 434 
('110')nor the songs they inspire: 
String size = 28 

String number: 435 
('84')The words and eyes of these enchantresses 
String size = 42 

String number: 436 
('97')are as deceitful as their feet. 
String size = 32 

String number: 437 
('87')What of my Onegin? Half asleep 
String size = 31 

String number: 438 
('72')He's on his way to bed from the ball: 
String size = 38 

String number: 439 
('65')And St. Petersburg is restless 
String size = 31 

String number: 440 
('105')is awakened by the drum. 
String size = 25 

String number: 441 
('84')The merchant rises, the peddler comes, 
String size = 39 

String number: 442 
('84')The cabman goes to the stock exchange, 
String size = 39 

String number: 443 
('65')A woman with a jug of water is hurrying along, 
String size = 47 

String number: 444 
('84')The morning snow is crunching beneath her. 
String size = 43 

String number: 445 
('84')The noise of the morning is pleasant. 
String size = 38 

String number: 446 
('84')The shutters are open; the trumpet smoke 
String size = 41 

String number: 447 
('82')Rises in a column of blue smoke, 
String size = 33 

String number: 448 
('65')And the bread-maker, a neat German, 
String size = 36 

String number: 449 
('105')in his paper hat, has more than once 
String size = 37 

String number: 450 
('104')has already opened his vasisdas. 
String size = 33 

String number: 451 
('66')But, weary with the noise of the ball, 
String size = 39 

String number: 452 
('97')and the morning turns to midnight, 
String size = 35 

String number: 453 
('83')Sleeps peacefully in the shade of the blissful. 
String size = 48 

String number: 454 
('65')A child of amusement and luxury. 
String size = 33 

String number: 455 
('87')Wakes at noon, and again. 
String size = 26 

String number: 456 
('72')His life is ready for the morning, 
String size = 35 

String number: 457 
('97')and his life is monotonous and variegated. 
String size = 43 

String number: 458 
('65')And tomorrow is the same as yesterday. 
String size = 39 

String number: 459 
('66')But was my Eugene happy, 
String size = 25 

String number: 460 
('70')Free, in the bloom of his best years, 
String size = 38 

String number: 461 
('73')In the midst of glorious triumphs, 
String size = 35 

String number: 462 
('73')In the midst of daily pleasures? 
String size = 33 

String number: 463 
('87')Was he ever so happy in the midst of feasts 
String size = 44 

String number: 464 
('67')Careless and healthy? 
String size = 22 

String number: 465 
('78')No: his senses were soon cold in him; 
String size = 38 

String number: 466 
('72')He was bored with the noise of the world; 
String size = 42 

String number: 467 
('84')The beauties were not long 
String size = 27 

String number: 468 
('84')The subject of his habitual thoughts; 
String size = 38 

String number: 469 
('84')Treason had tired him out; 
String size = 27 

String number: 470 
('70')Friends and friendship bore him, 
String size = 33 

String number: 471 
('39')'Cause he couldn't always 
String size = 26 

String number: 472 
('66')Beef-steaks and Strasburger pie. 
String size = 33 

String number: 473 
('84')To pour champagne on a bottle 
String size = 30 

String number: 474 
('65')And sprinkle a sharp word 
String size = 26 

String number: 475 
('87')When he had a headache 
String size = 23 

String number: 476 
('65')And though he was an ardent lover 
String size = 34 

String number: 477 
('66')But at last he fell out of love 
String size = 32 

String number: 478 
('116')the sword and the sword and the lead. 
String size = 38 

String number: 479 
('65')An affliction, the cause of which 
String size = 34 

String number: 480 
('116')that should have been found long ago, 
String size = 38 

String number: 481 
('76')Like the English splendor, 
String size = 27 

String number: 482 
('73')In short, Russian moping 
String size = 25 

String number: 483 
('104')has taken possession of him; 
String size = 29 

String number: 484 
('72')He shot himself, thank God, 
String size = 28 

String number: 485 
('72')He didn't want to try it, 
String size = 26 

String number: 486 
('66')But he had grown cold to life. 
String size = 31 

String number: 487 
('76')Like Child-Harold, sullen and languid. 
String size = 39 

String number: 488 
('72')He appeared in the drawing-rooms; 
String size = 34 

String number: 489 
('78')No gossip of light, no boston, 
String size = 31 

String number: 490 
('110')nor a sweet look, nor an immodest sigh, 
String size = 40 

String number: 491 
('78')Nothing touched him, 
String size = 21 

String number: 492 
('72')He noticed nothing. 
String size = 20 

String number: 493 
('70')Fanciers of the great world! 
String size = 29 

String number: 494 
('72')He left you all before him; 
String size = 28 

String number: 495 
('65')And it is true that in our summer 
String size = 34 

String number: 496 
('84')The highest tone is rather dull; 
String size = 33 

String number: 497 
('84')Though it may be that some lady 
String size = 32 

String number: 498 
('109')may talk of Seay and Bentham, 
String size = 30 

String number: 499 
('66')But their conversation in general 
String size = 34 

String number: 500 
('66')But their talk is unbearable, though it be innocent nonsense; 
String size = 62 

String number: 501 
('65')And yet they are so pure, 
String size = 26 

String number: 502 
('83')So stately, so clever, 
String size = 23 

String number: 503 
('83')So full of piety, 
String size = 18 

String number: 504 
('83')So discreet, so precise, 
String size = 25 

String number: 505 
('83')So unapproachable to men, 
String size = 26 

String number: 506 
('83')So unapproachable to men. 
String size = 26 

String number: 507 
('65')And you young beauties 
String size = 23 

String number: 508 
('119')who, in the late hours of the day. 
String size = 35 

String number: 509 
('87')Who are carried away by the carriages of good fortune 
String size = 54 

String number: 510 
('79')On St. Petersburg's sidewalk, 
String size = 30 

String number: 511 
('65')And my Eugene has left you. 
String size = 28 

String number: 512 
('65')A renegade of stormy pleasures, 
String size = 32 

String number: 513 
('79')Onegin locked himself up at home, 
String size = 34 

String number: 514 
('97')and, yawning, took up his pen, 
String size = 31 

String number: 515 
('72')He wanted to write, but his hard work 
String size = 38 

String number: 516 
('66')But he could not bear it; nothing 
String size = 34 

String number: 517 
('78')Nothing came out of his pen, 
String size = 29 

String number: 518 
('65')And he didn't get into the cheerful workshop. 
String size = 46 

String number: 519 
('79')Of men I don't judge, 
String size = 22 

String number: 520 
('98')because I belong to them. 
String size = 26 

String number: 521 
('65')And again, devoted to idleness, 
String size = 32 

String number: 522 
('97')and languishing in his soul's emptiness, 
String size = 41 

String number: 523 
('72')He sits down with the laudable purpose 
String size = 39 

String number: 524 
('84')To appropriate to himself the mind of others; 
String size = 46 

String number: 525 
('65')And with a troop of books he filled his shelf, 
String size = 47 

String number: 526 
('72')He read, he read, he read, but to no avail: 
String size = 44 

String number: 527 
('84')There's boredom, there's deceit, there's nonsense; 
String size = 51 

String number: 528 
('84')There's conscience, there's no sense; 
String size = 38 

String number: 529 
('84')There's a different kind of burden on everyone; 
String size = 48 

String number: 530 
('65')And the old is out of date, 
String size = 28 

String number: 531 
('65')And the old is delirious with newness. 
String size = 39 

String number: 532 
('76')Like women, he left the books, 
String size = 31 

String number: 533 
('65')And the shelf with their dusty family, 
String size = 39 

String number: 534 
('97')and the shelf with their dusty family. 
String size = 39 

String number: 535 
('84')The conditions of light, and the burden of light, 
String size = 50 

String number: 536 
('76')Like him, retired from the world, 
String size = 34 

String number: 537 
('73')I befriended him at that time. 
String size = 31 

String number: 538 
('73')I liked his features, 
String size = 22 

String number: 539 
('72')His involuntary devotion to his dreams, 
String size = 40 

String number: 540 
('72')His inimitable strangeness 
String size = 27 

String number: 541 
('65')And a sharp, chilled mind. 
String size = 27 

String number: 542 
('73')I was angry, he was sullen; 
String size = 28 

String number: 543 
('87')We both knew the game of passion: 
String size = 34 

String number: 544 
('84')The life of both of us was a torment; 
String size = 38 

String number: 545 
('84')The heat of the heart was gone in both of us; 
String size = 46 

String number: 546 
('66')Both of us awaited the malice 
String size = 30 

String number: 547 
('79')Of blind Fortune and men 
String size = 25 

String number: 548 
('79')On the very morning of our days. 
String size = 33 

String number: 549 
('72')He who has lived and thought cannot 
String size = 36 

String number: 550 
('73')In his soul not despise men; 
String size = 29 

String number: 551 
('72')He who has felt is troubled 
String size = 28 

String number: 552 
('84')The ghost of days gone by 
String size = 26 

String number: 553 
('84')There's no more charms for him. 
String size = 32 

String number: 554 
('84')The serpent of remembrance, 
String size = 28 

String number: 555 
('84')That remorse gnaws at him. 
String size = 27 

String number: 556 
('65')All this often gives 
String size = 21 

String number: 557 
('65')A great charm to the conversation. 
String size = 35 

String number: 558 
('65')At first Onegin's tongue 
String size = 25 

String number: 559 
('99')confounded me; but I was accustomed 
String size = 36 

String number: 560 
('116')to his sarcastic argument, 
String size = 27 

String number: 561 
('97')and his jesting with bile and bile, 
String size = 36 

String number: 562 
('97')and the malice of his gloomy epigrams. 
String size = 39 

String number: 563 
('72')How often in the summertime 
String size = 28 

String number: 564 
('87')When the night sky above Nevoya 
String size = 32 

String number: 565 
('84')The night sky above the Neva, 
String size = 30 

String number: 566 
('65')And the water's cheerful glass 
String size = 31 

String number: 567 
('100')does not reflect the face of Diana, 
String size = 36 

String number: 568 
('82')Remembering the romances of former years, 
String size = 42 

String number: 569 
('82')Remembering old loves, 
String size = 23 

String number: 570 
('83')Sensitive, carefree again, 
String size = 27 

String number: 571 
('87')With the benevolent breath of the night. 
String size = 41 

String number: 572 
('87')We silently reveled in it! 
String size = 27 

String number: 573 
('65')As in the green forest from prison 
String size = 35 

String number: 574 
('84')The well-dweller is carried from his sleep, 
String size = 44 

String number: 575 
('83')So we were carried away by a dream 
String size = 35 

String number: 576 
('84')To the beginning of a young life. 
String size = 34 

String number: 577 
('87')With a soul full of regrets, 
String size = 29 

String number: 578 
('65')And leaning on the granite, 
String size = 28 

String number: 579 
('69')Eugene stood pensive, 
String size = 22 

String number: 580 
('97')as the Piet described himself. 
String size = 31 

String number: 581 
('65')All was silent; only the watchmen of the night 
String size = 47 

String number: 582 
('84')The sentries of the night; 
String size = 27 

String number: 583 
('97')and the distant clatter of the droves 
String size = 38 

String number: 584 
('70')From Millionnya suddenly sounded; 
String size = 34 

String number: 585 
('79')Only a boat, waving its oars, 
String size = 30 

String number: 586 
('65')And the boat waved its oars and sailed down the slumbering river: 
String size = 66 

String number: 587 
('65')And we were captivated in the distance 
String size = 39 

String number: 588 
('84')The horn and the song 
String size = 22 

String number: 589 
('66')But sweeter, in the midst of the night's amusement, 
String size = 52 

String number: 590 
('84')The tune of Torquat's octaves! 
String size = 31 

String number: 591 
('84')The Adriatic waves, 
String size = 20 

String number: 592 
('79')O Brenta! No, I'll see you, 
String size = 28 

String number: 593 
('73')I'll be inspired again, 
String size = 24 

String number: 594 
('73')I'll hear your magic voice! 
String size = 28 

String number: 595 
('73')It is holy to the grandsons of Apollo; 
String size = 39 

String number: 596 
('66')By the proud lyre of Albion 
String size = 28 

String number: 597 
('73')It is familiar to me, it is dear to me. 
String size = 40 

String number: 598 
('73')In the golden nights of Italy 
String size = 30 

String number: 599 
('73')I'll enjoy it in the wild, 
String size = 27 

String number: 600 
('119')with a young Venetian woman, 
String size = 29 

String number: 601 
('119')who speaks and speaks and speaks not, 
String size = 38 

String number: 602 
('83')Sailing in a mysterious gondola; 
String size = 33 

String number: 603 
('87')With her my lips shall find 
String size = 28 

String number: 604 
('84')The language of Petrarch and love. 
String size = 35 

String number: 605 
('87')Will the hour of my freedom come? 
String size = 34 

String number: 606 
('73')It's time, it's time! - I call out to her; 
String size = 43 

String number: 607 
('73')I wander over the sea, waiting for the weather, 
String size = 48 

String number: 608 
('84')The winds of the ship's breeze. 
String size = 32 

String number: 609 
('66')Beneath the tempest's veil and the waves, 
String size = 42 

String number: 610 
('79')On the free crossroads of the sea 
String size = 34 

String number: 611 
('87')When will I start my free run? 
String size = 31 

String number: 612 
('73')It's time to leave the dull shore 
String size = 34 

String number: 613 
('111')of the unpleasant elements, 
String size = 28 

String number: 614 
('65')And in the midday swells, 
String size = 26 

String number: 615 
('117')under the sky of Africa, 
String size = 25 

String number: 616 
('84')To sigh for gloomy Russia, 
String size = 27 

String number: 617 
('87')Where I have suffered, where I have loved, 
String size = 43 

String number: 618 
('87')Where I buried my heart. 
String size = 25 

String number: 619 
('79')Onegin was ready with me 
String size = 25 

String number: 620 
('84')To see foreign lands; 
String size = 22 

String number: 621 
('66')But we were soon divorced 
String size = 26 

String number: 622 
('87')We were divorced for a long time. 
String size = 34 

String number: 623 
('72')His father was dead then. 
String size = 26 

String number: 624 
('73')In front of Onegin was gathered 
String size = 32 

String number: 625 
('65')A greedy regiment of moneylenders. 
String size = 35 

String number: 626 
('69')Each had his own wit and reason: 
String size = 33 

String number: 627 
('69')Eugene, hating litigation, 
String size = 27 

String number: 628 
('99')content with his lot, 
String size = 22 

String number: 629 
('72')He gave them his inheritance, 
String size = 30 

String number: 630 
('97')and seeing no great loss in it. 
String size = 32 

String number: 631 
('79')Or foreseeing from afar 
String size = 24 

String number: 632 
('111')of his old uncle's death. 
String size = 26 

String number: 633 
('83')Suddenly he received a report 
String size = 30 

String number: 634 
('65')A report from the steward 
String size = 26 

String number: 635 
('116')that his uncle was dead in his bed 
String size = 35 

String number: 636 
('97')and would be glad to bid him farewell. 
String size = 39 

String number: 637 
('87')When he read the sad message, 
String size = 30 

String number: 638 
('69')Eugene immediately went to see him. 
String size = 36 

String number: 639 
('72')He rushed at once to the post-office. 
String size = 38 

String number: 640 
('65')And was yawning beforehand, 
String size = 28 

String number: 641 
('80')Preparing himself for the sake of money, 
String size = 41 

String number: 642 
('102')for sighs, boredom, and deceit. 
String size = 32 

String number: 643 
('40')(And thus began my romance); 
String size = 29 

String number: 644 
('66')But when I flew to my uncle's village, 
String size = 39 

String number: 645 
('73')I found it on the table, 
String size = 25 

String number: 646 
('65')As a tribute to the land. 
String size = 26 

String number: 647 
('72')He found the court full of favors; 
String size = 35 

String number: 648 
('84')The dead man's friends and foes 
String size = 32 

String number: 649 
('97')and foes and friends came to see the dead man, 
String size = 47 

String number: 650 
('84')The hunters of the funeral. 
String size = 28 

String number: 651 
('84')The dead man was buried. 
String size = 25 

String number: 652 
('84')The priests and guests ate and drank, 
String size = 38 

String number: 653 
('65')And afterward they went away, 
String size = 30 

String number: 654 
('65')As if they were doing business. 
String size = 32 

String number: 655 
('72')Here's our Onegin, a villager, 
String size = 31 

String number: 656 
('80')Plants, waters, forests, lands 
String size = 31 

String number: 657 
('65')A complete master, but until now 
String size = 33 

String number: 658 
('65')An enemy of order and a waster, 
String size = 32 

String number: 659 
('65')And he's very glad that he's changed his old ways 
String size = 50 

String number: 660 
('72')He's glad he's changed to something new. 
String size = 41 

String number: 661 
('70')For two days it seemed new to him 
String size = 34 

String number: 662 
('84')The lonely fields, 
String size = 19 

String number: 663 
('84')The coolness of the dusky oak-tree, 
String size = 36 

String number: 664 
('84')The sound of a quiet brook; 
String size = 28 

String number: 665 
('84')The third day the grove, the hill, and the field 
String size = 49 

String number: 666 
('84')The grove, the hill, and the field did not occupy him; 
String size = 55 

String number: 667 
('65')And then they made him sleep; 
String size = 30 

String number: 668 
('84')Then he saw clearly 
String size = 20 

String number: 669 
('84')That the same boredom was in the village, 
String size = 42 

String number: 670 
('84')Though there be no streets, no palaces, 
String size = 40 

String number: 671 
('110')no cards, no balls, no poems. 
String size = 30 

String number: 672 
('67')Chandra was waiting for him on his watch, 
String size = 42 

String number: 673 
('65')And she ran after him, 
String size = 23 

String number: 674 
('76')Like a shadow or a faithful wife. 
String size = 34 

String number: 675 
('73')I was born to a life of peace, 
String size = 31 

String number: 676 
('70')For the quiet of the countryside: 
String size = 34 

String number: 677 
('73')In the wilderness, the lyrical voice is more resounding, 
String size = 57 

String number: 678 
('84')The more lively the creative dreams. 
String size = 37 

String number: 679 
('73')I devote myself to innocent leisure, 
String size = 37 

String number: 680 
('73')I wander over a deserted lake, 
String size = 31 

String number: 681 
('65')And far niente is my law. 
String size = 26 

String number: 682 
('73')I am awakened every morning 
String size = 28 

String number: 683 
('84')To sweet comfort and freedom: 
String size = 30 

String number: 684 
('73')I read little, sleep long, 
String size = 27 

String number: 685 
('73')I don't catch any flying glory. 
String size = 32 

String number: 686 
('87')Was it not so in my former years 
String size = 33 

String number: 687 
('83')Spent my happiest days in idleness, in the shadows. 
String size = 52 

String number: 688 
('77')My happiest days? 
String size = 18 

String number: 689 
('70')Flowers, love, country, idleness, 
String size = 34 

String number: 690 
('70')Fields! I am devoted to you with my soul. 
String size = 42 

String number: 691 
('73')I'm always glad to notice the difference 
String size = 41 

String number: 692 
('98')between Onegin and myself, 
String size = 27 

String number: 693 
('84')That a mocking reader 
String size = 22 

String number: 694 
('79')Or any publisher 
String size = 17 

String number: 695 
('111')of intricate calumny, 
String size = 22 

String number: 696 
('87')When I here compare my features, 
String size = 33 

String number: 697 
('97')and then ungodly repeat it, 
String size = 28 

String number: 698 
('84')That I have painted my portrait, 
String size = 33 

String number: 699 
('76')Like Byron, the proud poet, 
String size = 28 

String number: 700 
('65')As if it were impossible for us 
String size = 32 

String number: 701 
('84')To write poems about another, 
String size = 30 

String number: 702 
('98')but of ourselves. 
String size = 18 

String number: 703 
('76')Let me say, by the way, that all poets. 
String size = 40 

String number: 704 
('76')Love's dreamy friend. 
String size = 22 

String number: 705 
('73')I've dreamt of lovely objects 
String size = 30 

String number: 706 
('73')I've dreamed, and my soul 
String size = 26 

String number: 707 
('73')I have kept their secret image; 
String size = 32 

String number: 708 
('97')and the Muse brought them to life: 
String size = 35 

String number: 709 
('65')And so I, careless, have sung. 
String size = 31 

String number: 710 
('84')The maiden of the mountains, my ideal, 
String size = 39 

String number: 711 
('97')and the captive women of the Salgir's shores. 
String size = 46 

String number: 712 
('78')Now from you, my friends, 
String size = 26 

String number: 713 
('73')I often hear the question: 
String size = 27 

String number: 714 
('-30')“Who does your lyre sigh for? 
String size = 32 

String number: 715 
('84')To whom, in the crowd of jealous maidens, 
String size = 42 

String number: 716 
('-30')“To whom, in a crowd of jealous maidens? 
String size = 43 

String number: 717 
('87')Whose glance, stirring inspiration, 
String size = 36 

String number: 718 
('87')Whose eye, with sweet caresses. 
String size = 32 

String number: 719 
('84')To whom did thy thoughtful singing? 
String size = 36 

String number: 720 
('87')Whom did thy verse worship?” 
String size = 31 

String number: 721 
('65')And, my friends, no one, by God! 
String size = 33 

String number: 722 
('76')Love's maddening anxiety 
String size = 25 

String number: 723 
('73')I have been sadly troubled. 
String size = 28 

String number: 724 
('66')Blessed is he that hath combined with it. 
String size = 42 

String number: 725 
('84')The hotness of rhyme: he hath doubled the sacred delirium 
String size = 58 

String number: 726 
('84')The sacred delirium of poetry, 
String size = 31 

String number: 727 
('97')and Petrarch in his footsteps, 
String size = 31 

String number: 728 
('97')and soothed the anguish of his heart, 
String size = 38 

String number: 729 
('72')He caught fame in the meantime; 
String size = 32 

String number: 730 
('66')But I was foolish and foolish in love. 
String size = 39 

String number: 731 
('76')Love passed, the Muse appeared, 
String size = 32 

String number: 732 
('65')And the dark mind is clear 
String size = 27 

String number: 733 
('70')Free, I seek again the union 
String size = 29 

String number: 734 
('111')of magic sounds, feelings and thoughts; 
String size = 40 

String number: 735 
('73')I write, and my heart does not yearn, 
String size = 38 

String number: 736 
('84')The pen, forgetting itself, does not draw, 
String size = 43 

String number: 737 
('78')Near the unfinished verses, 
String size = 28 

String number: 738 
('78')No woman's feet, no woman's head; 
String size = 34 

String number: 739 
('84')The ashes that are burnt out will not flare up, 
String size = 48 

String number: 740 
('73')I'm still sad, but there are no tears, 
String size = 39 

String number: 741 
('65')And soon, soon the trace of the storm 
String size = 38 

String number: 742 
('73')I'll soon, I'll soon, I'll soon, I'll soon, I'll soon, I'll soon, I'll soon: 
String size = 77 

String number: 743 
('84')Then I'll begin to write 
String size = 25 

String number: 744 
('65')A poem of twenty-five songs. 
String size = 29 

String number: 745 
('73')I have thought of the form of the plan, 
String size = 40 

String number: 746 
('65')And what I'll name the hero; 
String size = 29 

String number: 747 
('70')For now of my novel 
String size = 20 

String number: 748 
('73')I have finished the first chapter; 
String size = 35 

String number: 749 
('73')I've reviewed the whole thing rigorously: 
String size = 42 

String number: 750 
('84')There are many contradictions, 
String size = 31 

String number: 751 
('66')But I don't want to correct them. 
String size = 34 

String number: 752 
('73')I'll pay my debt to the censors, 
String size = 33 

String number: 753 
('73')I'll give the fruits of my labors 
String size = 34 

String number: 754 
('73')I'll give them the fruits of my labors: 
String size = 40 

String number: 755 
('67')Come to the shores of the Neva, 
String size = 32 

String number: 756 
('78')Newborn creation, 
String size = 18 

String number: 757 
('65')And earn my glory: 
String size = 19 

String number: 758 
('97')and the crooked talk, the clamor, and the swearing! 
String size = 52 

Working Time with lib-qsort: 0.003421
